# JRE version: Java(TM) SE Runtime Environment (8.0_271-b09) (build 1.8.0_271-b09)
# Java VM: Java HotSpot(TM) 64-Bit Server VM (25.271-b09 mixed mode windows-amd64 compressed oops)
Heap:
 PSYoungGen      total 137216K, used 137202K [0x00000000e0400000, 0x00000000ed080000, 0x0000000100000000)
  eden space 125952K, 100% used [0x00000000e0400000,0x00000000e7f00000,0x00000000e7f00000)
  from space 11264K, 99% used [0x00000000e7f00000,0x00000000e89fcbd0,0x00000000e8a00000)
  to   space 15360K, 0% used [0x00000000ec180000,0x00000000ec180000,0x00000000ed080000)
 ParOldGen       total 58368K, used 18505K [0x00000000a0c00000, 0x00000000a4500000, 0x00000000e0400000)
  object space 58368K, 31% used [0x00000000a0c00000,0x00000000a1e12660,0x00000000a4500000)
 Metaspace       used 42135K, capacity 44302K, committed 44504K, reserved 1087488K
  class space    used 5157K, capacity 5531K, committed 5632K, reserved 1048576K
GC Heap History (10 events):
Event: 2.063 GC heap before
{Heap before GC invocations=7 (full 1):
 PSYoungGen      total 53248K, used 49152K [0x00000000e0400000, 0x00000000e7400000, 0x0000000100000000)
  eden space 49152K, 100% used [0x00000000e0400000,0x00000000e3400000,0x00000000e3400000)
  from space 4096K, 0% used [0x00000000e3400000,0x00000000e3400000,0x00000000e3800000)
  to   space 8192K, 0% used [0x00000000e6c00000,0x00000000e6c00000,0x00000000e7400000)
 ParOldGen       total 43008K, used 6040K [0x00000000a0c00000, 0x00000000a3600000, 0x00000000e0400000)
  object space 43008K, 14% used [0x00000000a0c00000,0x00000000a11e62b0,0x00000000a3600000)
 Metaspace       used 25112K, capacity 26162K, committed 26368K, reserved 1073152K
  class space    used 3278K, capacity 3511K, committed 3584K, reserved 1048576K
Event: 2.068 GC heap after
Heap after GC invocations=7 (full 1):
 PSYoungGen      total 87552K, used 7296K [0x00000000e0400000, 0x00000000e7380000, 0x0000000100000000)
  eden space 79872K, 0% used [0x00000000e0400000,0x00000000e0400000,0x00000000e5200000)
  from space 7680K, 95% used [0x00000000e6c00000,0x00000000e7320278,0x00000000e7380000)
  to   space 8704K, 0% used [0x00000000e6280000,0x00000000e6280000,0x00000000e6b00000)
 ParOldGen       total 43008K, used 6048K [0x00000000a0c00000, 0x00000000a3600000, 0x00000000e0400000)
  object space 43008K, 14% used [0x00000000a0c00000,0x00000000a11e82b0,0x00000000a3600000)
 Metaspace       used 25112K, capacity 26162K, committed 26368K, reserved 1073152K
  class space    used 3278K, capacity 3511K, committed 3584K, reserved 1048576K
}
Event: 3.826 GC heap before
{Heap before GC invocations=8 (full 1):
 PSYoungGen      total 87552K, used 87168K [0x00000000e0400000, 0x00000000e7380000, 0x0000000100000000)
  eden space 79872K, 100% used [0x00000000e0400000,0x00000000e5200000,0x00000000e5200000)
  from space 7680K, 95% used [0x00000000e6c00000,0x00000000e7320278,0x00000000e7380000)
  to   space 8704K, 0% used [0x00000000e6280000,0x00000000e6280000,0x00000000e6b00000)
 ParOldGen       total 43008K, used 6048K [0x00000000a0c00000, 0x00000000a3600000, 0x00000000e0400000)
  object space 43008K, 14% used [0x00000000a0c00000,0x00000000a11e82b0,0x00000000a3600000)
 Metaspace       used 33270K, capacity 35138K, committed 35200K, reserved 1079296K
  class space    used 4373K, capacity 4715K, committed 4736K, reserved 1048576K
Event: 3.840 GC heap after
Heap after GC invocations=8 (full 1):
 PSYoungGen      total 105472K, used 8696K [0x00000000e0400000, 0x00000000e9580000, 0x0000000100000000)
  eden space 96768K, 0% used [0x00000000e0400000,0x00000000e0400000,0x00000000e6280000)
  from space 8704K, 99% used [0x00000000e6280000,0x00000000e6afe228,0x00000000e6b00000)
  to   space 11776K, 0% used [0x00000000e8a00000,0x00000000e8a00000,0x00000000e9580000)
 ParOldGen       total 43008K, used 9825K [0x00000000a0c00000, 0x00000000a3600000, 0x00000000e0400000)
  object space 43008K, 22% used [0x00000000a0c00000,0x00000000a1598750,0x00000000a3600000)
 Metaspace       used 33270K, capacity 35138K, committed 35200K, reserved 1079296K
  class space    used 4373K, capacity 4715K, committed 4736K, reserved 1048576K
}
Event: 3.892 GC heap before
{Heap before GC invocations=9 (full 1):
 PSYoungGen      total 105472K, used 13218K [0x00000000e0400000, 0x00000000e9580000, 0x0000000100000000)
  eden space 96768K, 4% used [0x00000000e0400000,0x00000000e086a740,0x00000000e6280000)
  from space 8704K, 99% used [0x00000000e6280000,0x00000000e6afe228,0x00000000e6b00000)
  to   space 11776K, 0% used [0x00000000e8a00000,0x00000000e8a00000,0x00000000e9580000)
 ParOldGen       total 43008K, used 9825K [0x00000000a0c00000, 0x00000000a3600000, 0x00000000e0400000)
  object space 43008K, 22% used [0x00000000a0c00000,0x00000000a1598750,0x00000000a3600000)
 Metaspace       used 33517K, capacity 35380K, committed 35416K, reserved 1079296K
  class space    used 4404K, capacity 4724K, committed 4736K, reserved 1048576K
Event: 3.902 GC heap after
Heap after GC invocations=9 (full 1):
 PSYoungGen      total 137728K, used 7380K [0x00000000e0400000, 0x00000000ec180000, 0x0000000100000000)
  eden space 125952K, 0% used [0x00000000e0400000,0x00000000e0400000,0x00000000e7f00000)
  from space 11776K, 62% used [0x00000000e8a00000,0x00000000e9135030,0x00000000e9580000)
  to   space 11264K, 0% used [0x00000000e7f00000,0x00000000e7f00000,0x00000000e8a00000)
 ParOldGen       total 43008K, used 9833K [0x00000000a0c00000, 0x00000000a3600000, 0x00000000e0400000)
  object space 43008K, 22% used [0x00000000a0c00000,0x00000000a159a750,0x00000000a3600000)
 Metaspace       used 33517K, capacity 35380K, committed 35416K, reserved 1079296K
  class space    used 4404K, capacity 4724K, committed 4736K, reserved 1048576K
}
Event: 3.902 GC heap before
{Heap before GC invocations=10 (full 2):
 PSYoungGen      total 137728K, used 7380K [0x00000000e0400000, 0x00000000ec180000, 0x0000000100000000)
  eden space 125952K, 0% used [0x00000000e0400000,0x00000000e0400000,0x00000000e7f00000)
  from space 11776K, 62% used [0x00000000e8a00000,0x00000000e9135030,0x00000000e9580000)
  to   space 11264K, 0% used [0x00000000e7f00000,0x00000000e7f00000,0x00000000e8a00000)
 ParOldGen       total 43008K, used 9833K [0x00000000a0c00000, 0x00000000a3600000, 0x00000000e0400000)
  object space 43008K, 22% used [0x00000000a0c00000,0x00000000a159a750,0x00000000a3600000)
 Metaspace       used 33517K, capacity 35380K, committed 35416K, reserved 1079296K
  class space    used 4404K, capacity 4724K, committed 4736K, reserved 1048576K
Event: 3.955 GC heap after
Heap after GC invocations=10 (full 2):
 PSYoungGen      total 137728K, used 0K [0x00000000e0400000, 0x00000000ec180000, 0x0000000100000000)
  eden space 125952K, 0% used [0x00000000e0400000,0x00000000e0400000,0x00000000e7f00000)
  from space 11776K, 0% used [0x00000000e8a00000,0x00000000e8a00000,0x00000000e9580000)
  to   space 11264K, 0% used [0x00000000e7f00000,0x00000000e7f00000,0x00000000e8a00000)
 ParOldGen       total 58368K, used 11943K [0x00000000a0c00000, 0x00000000a4500000, 0x00000000e0400000)
  object space 58368K, 20% used [0x00000000a0c00000,0x00000000a17a9d00,0x00000000a4500000)
 Metaspace       used 33517K, capacity 35380K, committed 35416K, reserved 1079296K
  class space    used 4404K, capacity 4724K, committed 4736K, reserved 1048576K
}
Event: 1026.094 GC heap before
{Heap before GC invocations=11 (full 2):
 PSYoungGen      total 137728K, used 125952K [0x00000000e0400000, 0x00000000ec180000, 0x0000000100000000)
  eden space 125952K, 100% used [0x00000000e0400000,0x00000000e7f00000,0x00000000e7f00000)
  from space 11776K, 0% used [0x00000000e8a00000,0x00000000e8a00000,0x00000000e9580000)
  to   space 11264K, 0% used [0x00000000e7f00000,0x00000000e7f00000,0x00000000e8a00000)
 ParOldGen       total 58368K, used 11943K [0x00000000a0c00000, 0x00000000a4500000, 0x00000000e0400000)
  object space 58368K, 20% used [0x00000000a0c00000,0x00000000a17a9d00,0x00000000a4500000)
 Metaspace       used 39941K, capacity 42202K, committed 42456K, reserved 1085440K
  class space    used 5120K, capacity 5525K, committed 5632K, reserved 1048576K
Event: 1026.117 GC heap after
Heap after GC invocations=11 (full 2):
 PSYoungGen      total 137216K, used 11250K [0x00000000e0400000, 0x00000000ed080000, 0x0000000100000000)
  eden space 125952K, 0% used [0x00000000e0400000,0x00000000e0400000,0x00000000e7f00000)
  from space 11264K, 99% used [0x00000000e7f00000,0x00000000e89fcbd0,0x00000000e8a00000)
  to   space 15360K, 0% used [0x00000000ec180000,0x00000000ec180000,0x00000000ed080000)
 ParOldGen       total 58368K, used 18505K [0x00000000a0c00000, 0x00000000a4500000, 0x00000000e0400000)
  object space 58368K, 31% used [0x00000000a0c00000,0x00000000a1e12660,0x00000000a4500000)
 Metaspace       used 39941K, capacity 42202K, committed 42456K, reserved 1085440K
  class space    used 5120K, capacity 5525K, committed 5632K, reserved 1048576K
}

